2011-04-08 20:04:16,262 DEBUG [AWT-EventQueue-0] de.soniro.detrin.gui.listeners.ImportDatasetListener: File Handler for csv-Files was added. New Size is 1.
2011-04-08 20:04:16,265 DEBUG [AWT-EventQueue-0] de.soniro.detrin.gui.listeners.ImportDatasetListener: File Handler for csv-Files was added. New Size is 2.
2011-04-08 20:04:16,266 DEBUG [AWT-EventQueue-0] de.soniro.detrin.gui.listeners.ImportDatasetListener: File Handler for csv-Files was added. New Size is 3.
2011-04-08 20:04:16,280 DEBUG [AWT-EventQueue-0] de.soniro.detrin.gui.listeners.ImportDatasetListener: File Handler for csv-Files was added. New Size is 4.
2011-04-08 20:04:18,858 DEBUG [AWT-EventQueue-0] de.soniro.detrin.gui.listeners.ImportDatasetListener: File Handler for csv-Files was added. New Size is 1.
2011-04-08 20:04:18,859 DEBUG [AWT-EventQueue-0] de.soniro.detrin.gui.listeners.ImportDatasetListener: File Handler for csv-Files was added. New Size is 2.
2011-04-08 20:04:18,859 DEBUG [AWT-EventQueue-0] de.soniro.detrin.gui.listeners.ImportDatasetListener: File Handler for csv-Files was added. New Size is 3.
2011-04-08 20:04:18,873 DEBUG [AWT-EventQueue-0] de.soniro.detrin.gui.listeners.ImportDatasetListener: File Handler for csv-Files was added. New Size is 4.
2011-04-08 20:09:32,461 ERROR [AWT-EventQueue-0] de.soniro.detrin.gui.exceptions.UncaughtExceptionHandler: javax.swing.JPanel cannot be cast to javax.swing.JButton
java.lang.ClassCastException: javax.swing.JPanel cannot be cast to javax.swing.JButton
	at de.soniro.detrin.gui.panel.DataPreparationPanel.updateLabels(DataPreparationPanel.java:103)
	at de.soniro.detrin.gui.DeTrInGui.switchToLocale(DeTrInGui.java:86)
	at de.soniro.detrin.gui.i18n.SwitchToLocaleListener.actionPerformed(SwitchToLocaleListener.java:23)
	at java.awt.MenuItem.processActionEvent(MenuItem.java:644)
	at java.awt.MenuItem.processEvent(MenuItem.java:603)
	at java.awt.MenuComponent.dispatchEventImpl(MenuComponent.java:332)
	at java.awt.MenuComponent.dispatchEvent(MenuComponent.java:320)
	at java.awt.EventQueue.dispatchEventImpl(EventQueue.java:652)
	at java.awt.EventQueue.access$000(EventQueue.java:96)
	at java.awt.EventQueue$1.run(EventQueue.java:608)
	at java.awt.EventQueue$1.run(EventQueue.java:606)
	at java.security.AccessController.doPrivileged(Native Method)
	at java.security.AccessControlContext$1.doIntersectionPrivilege(AccessControlContext.java:105)
	at java.security.AccessControlContext$1.doIntersectionPrivilege(AccessControlContext.java:116)
	at java.awt.EventQueue$2.run(EventQueue.java:622)
	at java.awt.EventQueue$2.run(EventQueue.java:620)
	at java.security.AccessController.doPrivileged(Native Method)
	at java.security.AccessControlContext$1.doIntersectionPrivilege(AccessControlContext.java:105)
	at java.awt.EventQueue.dispatchEvent(EventQueue.java:619)
	at java.awt.EventDispatchThread.pumpOneEventForFilters(EventDispatchThread.java:275)
	at java.awt.EventDispatchThread.pumpEventsForFilter(EventDispatchThread.java:200)
	at java.awt.EventDispatchThread.pumpEventsForHierarchy(EventDispatchThread.java:190)
	at java.awt.EventDispatchThread.pumpEvents(EventDispatchThread.java:185)
	at java.awt.EventDispatchThread.pumpEvents(EventDispatchThread.java:177)
	at java.awt.EventDispatchThread.run(EventDispatchThread.java:138)
